D, [2015-12-18T01:03:39.262132 #17467] DEBUG -- :   [1m[36m (99.2ms)[0m  [1mCREATE TABLE "Course" ("id" integer, "name" character varying(255)) [0m
D, [2015-12-18T01:03:39.273178 #17467] DEBUG -- :   [1m[35m (8.5ms)[0m  CREATE TABLE "Empolyee" ("id" integer, "name" character varying(255), "sallry" integer) 
D, [2015-12-18T01:03:39.373114 #17467] DEBUG -- :   [1m[36m (97.4ms)[0m  [1mCREATE TABLE "Info" ("id" integer, "address" character varying(255), "city" character varying(255), "state" character varying(255), "country" character varying(255), "pin" integer, "employee_id" integer) [0m
D, [2015-12-18T01:03:39.474562 #17467] DEBUG -- :   [1m[35m (99.4ms)[0m  CREATE TABLE "Persons" ("PersonID" integer, "LastName" character varying(255), "FirstName" character varying(255), "Address" character varying(255), "City" character varying(255)) 
D, [2015-12-18T01:03:39.485677 #17467] DEBUG -- :   [1m[36m (9.1ms)[0m  [1mCREATE TABLE "User" ("id" integer, "name" character varying(255), "course_id" integer) [0m
D, [2015-12-18T01:03:39.641464 #17467] DEBUG -- :   [1m[35m (152.6ms)[0m  CREATE TABLE "activities" ("id" serial primary key, "trackable_id" integer, "trackable_type" character varying(255), "owner_id" integer, "owner_type" character varying(255), "key" character varying(255), "parameters" text, "recipient_id" integer, "recipient_type" character varying(255), "created_at" timestamp, "updated_at" timestamp) 
D, [2015-12-18T01:03:39.741398 #17467] DEBUG -- :   [1m[36m (96.0ms)[0m  [1mCREATE  INDEX  "index_activities_on_owner_id_and_owner_type" ON "activities" USING btree ("owner_id", "owner_type")[0m
D, [2015-12-18T01:03:39.830101 #17467] DEBUG -- :   [1m[35m (85.1ms)[0m  CREATE  INDEX  "index_activities_on_recipient_id_and_recipient_type" ON "activities" USING btree ("recipient_id", "recipient_type")
D, [2015-12-18T01:03:39.907806 #17467] DEBUG -- :   [1m[36m (74.1ms)[0m  [1mCREATE  INDEX  "index_activities_on_trackable_id_and_trackable_type" ON "activities" USING btree ("trackable_id", "trackable_type")[0m
D, [2015-12-18T01:03:40.019036 #17467] DEBUG -- :   [1m[35m (109.1ms)[0m  CREATE TABLE "comments" ("id" serial primary key, "title" character varying(255), "body" text, "created_at" timestamp NOT NULL, "updated_at" timestamp NOT NULL, "post_id" integer) 
D, [2015-12-18T01:03:40.096811 #17467] DEBUG -- :   [1m[36m (75.8ms)[0m  [1mCREATE TABLE "people" ("id" serial primary key, "created_at" timestamp NOT NULL, "updated_at" timestamp NOT NULL) [0m
D, [2015-12-18T01:03:40.207995 #17467] DEBUG -- :   [1m[35m (109.0ms)[0m  CREATE TABLE "posts" ("id" serial primary key, "title" character varying(255), "body" text, "created_at" timestamp NOT NULL, "updated_at" timestamp NOT NULL, "likes" integer) 
D, [2015-12-18T01:03:40.396960 #17467] DEBUG -- :   [1m[36m (137.9ms)[0m  [1mCREATE TABLE "users" ("id" serial primary key, "email" character varying(255) DEFAULT '' NOT NULL, "encrypted_password" character varying(255) DEFAULT '' NOT NULL, "reset_password_token" character varying(255), "reset_password_sent_at" timestamp, "remember_created_at" timestamp, "sign_in_count" integer DEFAULT 0 NOT NULL, "current_sign_in_at" timestamp, "last_sign_in_at" timestamp, "current_sign_in_ip" character varying(255), "last_sign_in_ip" character varying(255), "created_at" timestamp NOT NULL, "updated_at" timestamp NOT NULL) [0m
D, [2015-12-18T01:03:40.474477 #17467] DEBUG -- :   [1m[35m (73.7ms)[0m  CREATE UNIQUE INDEX  "index_users_on_email" ON "users" USING btree ("email")
D, [2015-12-18T01:03:40.541063 #17467] DEBUG -- :   [1m[36m (63.2ms)[0m  [1mCREATE UNIQUE INDEX  "index_users_on_reset_password_token" ON "users" USING btree ("reset_password_token")[0m
D, [2015-12-18T01:03:40.629855 #17467] DEBUG -- :   [1m[35m (80.1ms)[0m  CREATE TABLE "schema_migrations" ("version" character varying NOT NULL) 
D, [2015-12-18T01:03:40.707504 #17467] DEBUG -- :   [1m[36m (74.4ms)[0m  [1mCREATE UNIQUE INDEX  "unique_schema_migrations" ON "schema_migrations"  ("version")[0m
D, [2015-12-18T01:03:40.708661 #17467] DEBUG -- :   [1m[35m (0.6ms)[0m  SELECT version FROM "schema_migrations"
D, [2015-12-18T01:03:40.718578 #17467] DEBUG -- :   [1m[36m (9.4ms)[0m  [1mINSERT INTO "schema_migrations" (version) VALUES ('20151216102709')[0m
D, [2015-12-18T01:03:40.729817 #17467] DEBUG -- :   [1m[35m (10.9ms)[0m  INSERT INTO "schema_migrations" (version) VALUES ('20151215055854')
D, [2015-12-18T01:03:40.741257 #17467] DEBUG -- :   [1m[36m (10.8ms)[0m  [1mINSERT INTO "schema_migrations" (version) VALUES ('20151214124221')[0m
D, [2015-12-18T01:03:40.751960 #17467] DEBUG -- :   [1m[35m (10.2ms)[0m  INSERT INTO "schema_migrations" (version) VALUES ('20151214120929')
D, [2015-12-18T01:03:40.762932 #17467] DEBUG -- :   [1m[36m (10.6ms)[0m  [1mINSERT INTO "schema_migrations" (version) VALUES ('20151214115927')[0m
D, [2015-12-18T01:03:40.774025 #17467] DEBUG -- :   [1m[35m (10.8ms)[0m  INSERT INTO "schema_migrations" (version) VALUES ('20151214151037')
D, [2015-12-18T01:03:40.796620 #17467] DEBUG -- :   [1m[36mActiveRecord::SchemaMigration Load (0.6ms)[0m  [1mSELECT "schema_migrations".* FROM "schema_migrations"[0m
